Arguments: 
  C:\Program Files\nodejs\node.exe C:\Users\rakes\AppData\Roaming\npm\node_modules\@sanity\cli\vendor\yarn install --json --non-interactive --ignore-engines --network-timeout 60000 --registry https://registry.npmjs.org

PATH: 
  C:\Python310\Scripts\;C:\Python310\;C:\Python39\Scripts\;C:\Python39\;C:\Program Files\Java\jre1.8.0_271\bin\;C:\Program Files\Java\jdk1.8.0_211\bin\;C:\Program Files\Java\jre1.8.0_221\bin\;C:\Program Files\Java\jdk-15.0.1\bin\;C:\Program Files (x86)\Common Files\Oracle\Java\javapath;C:\WINDOWS\system32;C:\WINDOWS;C:\WINDOWS\System32\Wbem;C:\WINDOWS\System32\WindowsPowerShell\v1.0\;C:\WINDOWS\System32\OpenSSH\;C:\Program Files (x86)\mingw-w64\i686-8.1.0-posix-dwarf-rt_v6-rev0\mingw32\bin;C:\ProgramData\chocolatey\bin;C:\Users\rakes\AppData\Roaming\nvm;C:\Program Files\nodejs;C:\Program Files\Git\cmd;C:\Program Files\nodejs\;C:\Program Files\PuTTY\;C:\Program Files\MongoDB\Server\5.0\bin;C:\Program Files\MongoDB\Server\5.0\bin;C:\Program Files\Java\jre1.8.0_271\bin\;C:\Program Files\Java\jdk1.8.0_211\bin\;C:\Users\rakes\AppData\Local\Microsoft\WindowsApps;C:\Users\rakes\AppData\Local\Programs\Microsoft VS Code\bin;C:\Program Files\Java\jdk-15.0.1\bin\;C:\Users\rakes\AppData\Roaming\nvm;C:\Program Files\nodejs;C:\Users\rakes\AppData\Roaming\npm;C:\Program Files\MongoDB\Server\5.0\bin;C:\Program Files\heroku\bin;C:\Users\rakes\AppData\Local\GitHubDesktop\bin;

Yarn version: 
  1.22.17

Node version: 
  14.18.0

Platform: 
  win32 x64

Trace: 
  Error: https://registry.npmjs.org/@sanity/base/-/base-2.35.2.tgz: ESOCKETTIMEDOUT
      at ClientRequest.<anonymous> (C:\Users\rakes\AppData\Roaming\npm\node_modules\@sanity\cli\vendor\yarn:135945:19)
      at Object.onceWrapper (events.js:519:28)
      at ClientRequest.emit (events.js:400:28)
      at TLSSocket.emitRequestTimeout (_http_client.js:790:9)
      at Object.onceWrapper (events.js:519:28)
      at TLSSocket.emit (events.js:412:35)
      at TLSSocket.Socket._onTimeout (net.js:495:8)
      at listOnTimeout (internal/timers.js:557:17)
      at processTimers (internal/timers.js:500:7)

npm manifest: 
  {
    "name": "artwork",
    "private": true,
    "version": "1.0.0",
    "description": "",
    "main": "package.json",
    "author": "Rakesh Barman <rakeshbarman08@gmail.com>",
    "license": "UNLICENSED",
    "scripts": {
      "start": "sanity start",
      "build": "sanity build"
    },
    "keywords": [
      "sanity"
    ],
    "dependencies": {
      "@sanity/base": "^2.35.2",
      "@sanity/core": "^2.35.0",
      "@sanity/default-layout": "^2.35.2",
      "@sanity/default-login": "^2.35.2",
      "@sanity/desk-tool": "^2.35.2",
      "@sanity/eslint-config-studio": "^2.0.1",
      "@sanity/vision": "^2.35.2",
      "eslint": "^8.6.0",
      "prop-types": "^15.7",
      "react": "^17.0",
      "react-dom": "^17.0",
      "styled-components": "^5.2.0"
    },
    "devDependencies": {}
  }

yarn manifest: 
  No manifest

Lockfile: 
  No lockfile
